Using pre-set license
Built from '2020.3/staging' branch; Version is '2020.3.20f1 (41c4e627c95f) revision 4310246'; Using compiler version '192528614'; Build Type 'Release'
OS: 'Windows 10 Home; OS build 19042.1288; Version 2009; 64bit' Language: 'hu' Physical Memory: 32716 MB
BatchMode: 1, IsHumanControllingUs: 0, StartBugReporterOnCrash: 0, Is64bit: 1, IsPro: 0

COMMAND LINE ARGUMENTS:
C:\Program Files\Unity\Hub\Editor\2020.3.20f1\Editor\Unity.exe
-adb2
-batchMode
-noUpm
-name
AssetImportWorker0
-projectPath
C:/Users/heihachi/Documents/Unity/EOS_AR
-logFile
Logs/AssetImportWorker0.log
-srvPort
57086
Successfully changed project path to: C:/Users/heihachi/Documents/Unity/EOS_AR
C:/Users/heihachi/Documents/Unity/EOS_AR
Using Asset Import Pipeline V2.
Refreshing native plugins compatible for Editor in 30.53 ms, found 2 plugins.
Preloading 0 native plugins for Editor in 0.00 ms.
Initialize engine version: 2020.3.20f1 (41c4e627c95f)
[Subsystems] Discovering subsystems at path C:/Program Files/Unity/Hub/Editor/2020.3.20f1/Editor/Data/Resources/UnitySubsystems
[Subsystems] Discovering subsystems at path C:/Users/heihachi/Documents/Unity/EOS_AR/Assets
GfxDevice: creating device client; threaded=0
Direct3D:
    Version:  Direct3D 11.0 [level 11.1]
    Renderer: NVIDIA GeForce RTX 3060 (ID=0x2503)
    Vendor:   
    VRAM:     12143 MB
    Driver:   30.0.14.9613
Initialize mono
Mono path[0] = 'C:/Program Files/Unity/Hub/Editor/2020.3.20f1/Editor/Data/Managed'
Mono path[1] = 'C:/Program Files/Unity/Hub/Editor/2020.3.20f1/Editor/Data/MonoBleedingEdge/lib/mono/unityjit'
Mono config path = 'C:/Program Files/Unity/Hub/Editor/2020.3.20f1/Editor/Data/MonoBleedingEdge/etc'
Using monoOptions --debugger-agent=transport=dt_socket,embedding=1,server=y,suspend=n,address=127.0.0.1:56204
Begin MonoManager ReloadAssembly
Registering precompiled unity dll's ...
Register platform support module: C:/Program Files/Unity/Hub/Editor/2020.3.20f1/Editor/Data/PlaybackEngines/WindowsStandaloneSupport/UnityEditor.WindowsStandalone.Extensions.dll
Registered in 0.001147 seconds.
Native extension for WindowsStandalone target not found
Refreshing native plugins compatible for Editor in 28.29 ms, found 2 plugins.
Preloading 0 native plugins for Editor in 0.00 ms.
Mono: successfully reloaded assembly
- Completed reload, in  1.205 seconds
Domain Reload Profiling:
	ReloadAssembly (1206ms)
		BeginReloadAssembly (36ms)
			ExecutionOrderSort (0ms)
			DisableScriptedObjects (0ms)
			BackupInstance (0ms)
			ReleaseScriptingObjects (0ms)
			CreateAndSetChildDomain (0ms)
		EndReloadAssembly (264ms)
			LoadAssemblies (35ms)
			RebuildTransferFunctionScriptingTraits (0ms)
			SetupTypeCache (88ms)
			ReleaseScriptCaches (0ms)
			RebuildScriptCaches (18ms)
			SetupLoadedEditorAssemblies (111ms)
				LogAssemblyErrors (0ms)
				InitializePlatformSupportModulesInManaged (2ms)
				SetLoadedEditorAssemblies (0ms)
				RefreshPlugins (28ms)
				BeforeProcessingInitializeOnLoad (11ms)
				ProcessInitializeOnLoadAttributes (52ms)
				ProcessInitializeOnLoadMethodAttributes (18ms)
				AfterProcessingInitializeOnLoad (0ms)
				EditorAssembliesLoaded (0ms)
			ExecutionOrderSort2 (0ms)
			AwakeInstancesAfterBackupRestoration (0ms)
Platform modules already initialized, skipping
Registering precompiled user dll's ...
Registered in 0.002147 seconds.
Begin MonoManager ReloadAssembly
Native extension for WindowsStandalone target not found
Refreshing native plugins compatible for Editor in 0.53 ms, found 2 plugins.
Preloading 0 native plugins for Editor in 0.00 ms.
Mono: successfully reloaded assembly
- Completed reload, in  1.007 seconds
Domain Reload Profiling:
	ReloadAssembly (1007ms)
		BeginReloadAssembly (88ms)
			ExecutionOrderSort (0ms)
			DisableScriptedObjects (3ms)
			BackupInstance (0ms)
			ReleaseScriptingObjects (0ms)
			CreateAndSetChildDomain (12ms)
		EndReloadAssembly (880ms)
			LoadAssemblies (59ms)
			RebuildTransferFunctionScriptingTraits (0ms)
			SetupTypeCache (171ms)
			ReleaseScriptCaches (0ms)
			RebuildScriptCaches (28ms)
			SetupLoadedEditorAssemblies (562ms)
				LogAssemblyErrors (0ms)
				InitializePlatformSupportModulesInManaged (3ms)
				SetLoadedEditorAssemblies (0ms)
				RefreshPlugins (1ms)
				BeforeProcessingInitializeOnLoad (60ms)
				ProcessInitializeOnLoadAttributes (492ms)
				ProcessInitializeOnLoadMethodAttributes (3ms)
				AfterProcessingInitializeOnLoad (3ms)
				EditorAssembliesLoaded (0ms)
			ExecutionOrderSort2 (0ms)
			AwakeInstancesAfterBackupRestoration (4ms)
Platform modules already initialized, skipping
========================================================================
Worker process is ready to serve import requests
Launched and connected shader compiler UnityShaderCompiler.exe after 0.03 seconds
Refreshing native plugins compatible for Editor in 0.51 ms, found 2 plugins.
Preloading 0 native plugins for Editor in 0.00 ms.
Unloading 2278 Unused Serialized files (Serialized files now loaded: 0)
System memory in use before: 103.3 MB.
System memory in use after: 103.5 MB.

Unloading 25 unused Assets to reduce memory usage. Loaded Objects now: 2716.
Total: 2.453100 ms (FindLiveObjects: 0.147900 ms CreateObjectMapping: 0.054200 ms MarkObjects: 2.183000 ms  DeleteObjects: 0.067200 ms)

AssetImportParameters requested are different than current active one (requested -> active):
  custom:framework-win-MediaFoundation: 216162199b28c13a410421893ffa2e32 -> 
  custom:video-decoder-ogg-theora: a1e56fd34408186e4bbccfd4996cb3dc -> 
  custom:container-muxer-webm: aa71ff27fc2769a1b78a27578f13a17b -> 
  custom:container-demuxer-webm: 4f35f7cbe854078d1ac9338744f61a02 -> 
  custom:container-demuxer-ogg: 62fdf1f143b41e24485cea50d1cbac27 -> 
  custom:video-encoder-webm-vp8: eb34c28f22e8b96e1ab97ce403110664 -> 
  custom:video-decoder-webm-vp8: 9c59270c3fd7afecdb556c50c9e8de78 -> 
  custom:audio-decoder-ogg-vorbis: bf7c407c2cedff20999df2af8eb42d56 -> 
  custom:audio-encoder-webm-vorbis: bf7c407c2cedff20999df2af8eb42d56 -> 
========================================================================
Received Import Request.
  path: Assets/cemetery halloween set/textures
  artifactKey: Guid(a7dfdacc37347bb488506abd22495418) Importer(815301076,1909f56bfc062723c751e8b465ee728b)
Start importing Assets/cemetery halloween set/textures using Guid(a7dfdacc37347bb488506abd22495418) Importer(815301076,1909f56bfc062723c751e8b465ee728b)  -> (artifact id: '655a1dd1cea44e66f75d6df33a969173') in 0.020086 seconds 
  Import took 0.022315 seconds .

========================================================================
Received Prepare
Refreshing native plugins compatible for Editor in 2.95 ms, found 2 plugins.
Preloading 0 native plugins for Editor in 0.00 ms.
Unloading 17 Unused Serialized files (Serialized files now loaded: 0)
System memory in use before: 57.3 MB.
System memory in use after: 57.5 MB.

Unloading 17 unused Assets to reduce memory usage. Loaded Objects now: 2716.
Total: 2.606600 ms (FindLiveObjects: 0.208300 ms CreateObjectMapping: 0.053700 ms MarkObjects: 2.310100 ms  DeleteObjects: 0.033900 ms)

AssetImportParameters requested are different than current active one (requested -> active):
  custom:framework-win-MediaFoundation: 216162199b28c13a410421893ffa2e32 -> 
  custom:video-decoder-ogg-theora: a1e56fd34408186e4bbccfd4996cb3dc -> 
  custom:container-muxer-webm: aa71ff27fc2769a1b78a27578f13a17b -> 
  custom:container-demuxer-webm: 4f35f7cbe854078d1ac9338744f61a02 -> 
  custom:container-demuxer-ogg: 62fdf1f143b41e24485cea50d1cbac27 -> 
  custom:video-encoder-webm-vp8: eb34c28f22e8b96e1ab97ce403110664 -> 
  custom:video-decoder-webm-vp8: 9c59270c3fd7afecdb556c50c9e8de78 -> 
  custom:audio-decoder-ogg-vorbis: bf7c407c2cedff20999df2af8eb42d56 -> 
  custom:audio-encoder-webm-vorbis: bf7c407c2cedff20999df2af8eb42d56 -> 
========================================================================
Received Import Request.
  Time since last request: 195.847159 seconds.
  path: Assets/Hand Painted Seamless Wood Texture
  artifactKey: Guid(ca526ec9e25a85b4c9171ee9cbbfc674) Importer(815301076,1909f56bfc062723c751e8b465ee728b)
Start importing Assets/Hand Painted Seamless Wood Texture using Guid(ca526ec9e25a85b4c9171ee9cbbfc674) Importer(815301076,1909f56bfc062723c751e8b465ee728b)  -> (artifact id: 'c0b85fa140191e0b77ae5401d162ce94') in 0.021014 seconds 
  Import took 0.023735 seconds .

========================================================================
Received Import Request.
  Time since last request: 3.521995 seconds.
  path: Assets/Hand Painted Seamless Wood Texture/Materials
  artifactKey: Guid(d365b809516b91947ad091652874cf4a) Importer(815301076,1909f56bfc062723c751e8b465ee728b)
Start importing Assets/Hand Painted Seamless Wood Texture/Materials using Guid(d365b809516b91947ad091652874cf4a) Importer(815301076,1909f56bfc062723c751e8b465ee728b)  -> (artifact id: '7b7b6c999e23fa8100903f2b279ed4dd') in 0.018589 seconds 
  Import took 0.021487 seconds .

========================================================================
Received Import Request.
  Time since last request: 0.070048 seconds.
  path: Assets/Hand Painted Seamless Wood Texture/Materials/M_Wood1.mat
  artifactKey: Guid(71e8951740b2a224480948e4515f6e2f) Importer(815301076,1909f56bfc062723c751e8b465ee728b)
Start importing Assets/Hand Painted Seamless Wood Texture/Materials/M_Wood1.mat using Guid(71e8951740b2a224480948e4515f6e2f) Importer(815301076,1909f56bfc062723c751e8b465ee728b)  -> (artifact id: '2dc5e822901582b792e743c75883f208') in 0.144252 seconds 
  Import took 0.146986 seconds .

========================================================================
Received Import Request.
  Time since last request: 0.000139 seconds.
  path: Assets/Hand Painted Seamless Wood Texture/Materials/M_Wood2.mat
  artifactKey: Guid(3e3fe7d08624f594bb8e96487091bd1a) Importer(815301076,1909f56bfc062723c751e8b465ee728b)
Start importing Assets/Hand Painted Seamless Wood Texture/Materials/M_Wood2.mat using Guid(3e3fe7d08624f594bb8e96487091bd1a) Importer(815301076,1909f56bfc062723c751e8b465ee728b)  -> (artifact id: '3cd729543ab597a4ca9c32bbf554c673') in 0.065395 seconds 
  Import took 0.067724 seconds .

========================================================================
Received Import Request.
  Time since last request: 0.000131 seconds.
  path: Assets/Hand Painted Seamless Wood Texture/Materials/M_Wood3.mat
  artifactKey: Guid(df52f4d0325777d49bbe6e566536e284) Importer(815301076,1909f56bfc062723c751e8b465ee728b)
Start importing Assets/Hand Painted Seamless Wood Texture/Materials/M_Wood3.mat using Guid(df52f4d0325777d49bbe6e566536e284) Importer(815301076,1909f56bfc062723c751e8b465ee728b)  -> (artifact id: '42565dd1065fda4bfbdf5eda81a5e9a2') in 0.067345 seconds 
  Import took 0.069568 seconds .

========================================================================
Received Import Request.
  Time since last request: 1.833993 seconds.
  path: Assets/Hand Painted Seamless Wood Texture/Textures/Wood2.tga
  artifactKey: Guid(fa79f310fc4924e4cabca0791e343bfb) Importer(815301076,1909f56bfc062723c751e8b465ee728b)
Start importing Assets/Hand Painted Seamless Wood Texture/Textures/Wood2.tga using Guid(fa79f310fc4924e4cabca0791e343bfb) Importer(815301076,1909f56bfc062723c751e8b465ee728b)  -> (artifact id: '6a82ce14401099ad0b7300ced8368fa2') in 0.094379 seconds 
  Import took 0.097269 seconds .

========================================================================
Received Import Request.
  Time since last request: 1.942302 seconds.
  path: Assets/Hand Painted Seamless Wood Texture/Textures/Wood3.tga
  artifactKey: Guid(3c63e2e318876fc4ebc6ba149de82007) Importer(815301076,1909f56bfc062723c751e8b465ee728b)
Start importing Assets/Hand Painted Seamless Wood Texture/Textures/Wood3.tga using Guid(3c63e2e318876fc4ebc6ba149de82007) Importer(815301076,1909f56bfc062723c751e8b465ee728b)  -> (artifact id: 'cba4c7fde1e34c22359772421a437196') in 0.083609 seconds 
  Import took 0.086611 seconds .

========================================================================
Received Import Request.
  Time since last request: 91.779782 seconds.
  path: Assets/Scripts/PortalController.cs
  artifactKey: Guid(33547d80b127b294da7fc8ad5616f3bf) Importer(815301076,1909f56bfc062723c751e8b465ee728b)
Start importing Assets/Scripts/PortalController.cs using Guid(33547d80b127b294da7fc8ad5616f3bf) Importer(815301076,1909f56bfc062723c751e8b465ee728b)  -> (artifact id: 'c79c8061b3a7a4567198555ca1485d06') in 0.021224 seconds 
  Import took 0.024066 seconds .

========================================================================
Received Prepare
Registering precompiled user dll's ...
Registered in 0.002064 seconds.
Begin MonoManager ReloadAssembly
Native extension for WindowsStandalone target not found
Refreshing native plugins compatible for Editor in 0.45 ms, found 2 plugins.
Preloading 0 native plugins for Editor in 0.00 ms.
Mono: successfully reloaded assembly
- Completed reload, in  0.713 seconds
Domain Reload Profiling:
	ReloadAssembly (714ms)
		BeginReloadAssembly (75ms)
			ExecutionOrderSort (0ms)
			DisableScriptedObjects (2ms)
			BackupInstance (0ms)
			ReleaseScriptingObjects (0ms)
			CreateAndSetChildDomain (24ms)
		EndReloadAssembly (601ms)
			LoadAssemblies (57ms)
			RebuildTransferFunctionScriptingTraits (0ms)
			SetupTypeCache (167ms)
			ReleaseScriptCaches (1ms)
			RebuildScriptCaches (22ms)
			SetupLoadedEditorAssemblies (292ms)
				LogAssemblyErrors (0ms)
				InitializePlatformSupportModulesInManaged (3ms)
				SetLoadedEditorAssemblies (0ms)
				RefreshPlugins (0ms)
				BeforeProcessingInitializeOnLoad (56ms)
				ProcessInitializeOnLoadAttributes (226ms)
				ProcessInitializeOnLoadMethodAttributes (3ms)
				AfterProcessingInitializeOnLoad (3ms)
				EditorAssembliesLoaded (0ms)
			ExecutionOrderSort2 (0ms)
			AwakeInstancesAfterBackupRestoration (4ms)
Platform modules already initialized, skipping
Switching build target platform(19) subTarget(0) extendedPlatform(0) -> platform(13) subTarget(589824) extendedPlatform(0)
Refreshing native plugins compatible for Editor in 0.43 ms, found 2 plugins.
Preloading 0 native plugins for Editor in 0.00 ms.
Unloading 2261 Unused Serialized files (Serialized files now loaded: 0)
System memory in use before: 104.9 MB.
System memory in use after: 105.0 MB.

Unloading 20 unused Assets to reduce memory usage. Loaded Objects now: 2760.
Total: 2.339800 ms (FindLiveObjects: 0.147800 ms CreateObjectMapping: 0.053500 ms MarkObjects: 2.101400 ms  DeleteObjects: 0.036400 ms)

AssetImportParameters requested are different than current active one (requested -> active):
  custom:framework-win-MediaFoundation: 216162199b28c13a410421893ffa2e32 -> 
  custom:video-decoder-ogg-theora: a1e56fd34408186e4bbccfd4996cb3dc -> 
  custom:container-muxer-webm: aa71ff27fc2769a1b78a27578f13a17b -> 
  custom:container-demuxer-webm: 4f35f7cbe854078d1ac9338744f61a02 -> 
  custom:container-demuxer-ogg: 62fdf1f143b41e24485cea50d1cbac27 -> 
  custom:video-encoder-webm-vp8: eb34c28f22e8b96e1ab97ce403110664 -> 
  custom:video-decoder-webm-vp8: 9c59270c3fd7afecdb556c50c9e8de78 -> 
  custom:graphics/normal-map-encoding: 01000000000000000000000000000000 -> 02000000000000000000000000000000
  custom:audio-decoder-ogg-vorbis: bf7c407c2cedff20999df2af8eb42d56 -> 
  custom:audio-encoder-webm-vorbis: bf7c407c2cedff20999df2af8eb42d56 -> 
========================================================================
Received Import Request.
  Time since last request: 36.881849 seconds.
  path: Assets/Scripts/PortalController.cs
  artifactKey: Guid(33547d80b127b294da7fc8ad5616f3bf) Importer(815301076,1909f56bfc062723c751e8b465ee728b)
Start importing Assets/Scripts/PortalController.cs using Guid(33547d80b127b294da7fc8ad5616f3bf) Importer(815301076,1909f56bfc062723c751e8b465ee728b)  -> (artifact id: 'f92aea843faf5d47b1036cf6aebb5def') in 0.021015 seconds 
  Import took 0.023445 seconds .

========================================================================
Received Import Request.
  Time since last request: 231.800556 seconds.
  path: Assets/Scripts/PortalController.cs
  artifactKey: Guid(33547d80b127b294da7fc8ad5616f3bf) Importer(815301076,1909f56bfc062723c751e8b465ee728b)
Start importing Assets/Scripts/PortalController.cs using Guid(33547d80b127b294da7fc8ad5616f3bf) Importer(815301076,1909f56bfc062723c751e8b465ee728b)  -> (artifact id: 'e97abe2ecd12116c3d549c669bc0e8be') in 0.017045 seconds 
  Import took 0.019906 seconds .

========================================================================
Received Import Request.
  Time since last request: 16.530077 seconds.
  path: Assets/Scripts/PortalController.cs
  artifactKey: Guid(33547d80b127b294da7fc8ad5616f3bf) Importer(815301076,1909f56bfc062723c751e8b465ee728b)
Start importing Assets/Scripts/PortalController.cs using Guid(33547d80b127b294da7fc8ad5616f3bf) Importer(815301076,1909f56bfc062723c751e8b465ee728b)  -> (artifact id: 'b0dc8a35d3c3582178fab6d546956fb1') in 0.017866 seconds 
  Import took 0.020538 seconds .

========================================================================
Received Import Request.
  Time since last request: 32.483568 seconds.
  path: Assets/Scripts/PortalController.cs
  artifactKey: Guid(33547d80b127b294da7fc8ad5616f3bf) Importer(815301076,1909f56bfc062723c751e8b465ee728b)
Start importing Assets/Scripts/PortalController.cs using Guid(33547d80b127b294da7fc8ad5616f3bf) Importer(815301076,1909f56bfc062723c751e8b465ee728b)  -> (artifact id: 'eec4c3dd2a4d9fd2b9c3b8614ea2b08f') in 0.017301 seconds 
  Import took 0.020041 seconds .

========================================================================
Received Import Request.
  Time since last request: 8.859345 seconds.
  path: Assets/Scripts/PortalController.cs
  artifactKey: Guid(33547d80b127b294da7fc8ad5616f3bf) Importer(815301076,1909f56bfc062723c751e8b465ee728b)
Start importing Assets/Scripts/PortalController.cs using Guid(33547d80b127b294da7fc8ad5616f3bf) Importer(815301076,1909f56bfc062723c751e8b465ee728b)  -> (artifact id: '4049481a5f2edfa5d010a2a83d282050') in 0.017577 seconds 
  Import took 0.020219 seconds .

========================================================================
Received Prepare
Registering precompiled user dll's ...
Registered in 0.002183 seconds.
Begin MonoManager ReloadAssembly
Native extension for WindowsStandalone target not found
Refreshing native plugins compatible for Editor in 0.46 ms, found 2 plugins.
Preloading 0 native plugins for Editor in 0.00 ms.
Mono: successfully reloaded assembly
- Completed reload, in  0.740 seconds
Domain Reload Profiling:
	ReloadAssembly (740ms)
		BeginReloadAssembly (86ms)
			ExecutionOrderSort (0ms)
			DisableScriptedObjects (3ms)
			BackupInstance (0ms)
			ReleaseScriptingObjects (0ms)
			CreateAndSetChildDomain (26ms)
		EndReloadAssembly (615ms)
			LoadAssemblies (60ms)
			RebuildTransferFunctionScriptingTraits (0ms)
			SetupTypeCache (171ms)
			ReleaseScriptCaches (1ms)
			RebuildScriptCaches (24ms)
			SetupLoadedEditorAssemblies (292ms)
				LogAssemblyErrors (0ms)
				InitializePlatformSupportModulesInManaged (3ms)
				SetLoadedEditorAssemblies (0ms)
				RefreshPlugins (0ms)
				BeforeProcessingInitializeOnLoad (52ms)
				ProcessInitializeOnLoadAttributes (229ms)
				ProcessInitializeOnLoadMethodAttributes (3ms)
				AfterProcessingInitializeOnLoad (3ms)
				EditorAssembliesLoaded (0ms)
			ExecutionOrderSort2 (0ms)
			AwakeInstancesAfterBackupRestoration (5ms)
Platform modules already initialized, skipping
Switching build target platform(19) subTarget(0) extendedPlatform(0) -> platform(13) subTarget(589824) extendedPlatform(0)
Refreshing native plugins compatible for Editor in 0.43 ms, found 2 plugins.
Preloading 0 native plugins for Editor in 0.00 ms.
Unloading 2261 Unused Serialized files (Serialized files now loaded: 0)
System memory in use before: 104.9 MB.
System memory in use after: 105.1 MB.

Unloading 20 unused Assets to reduce memory usage. Loaded Objects now: 2763.
Total: 2.452700 ms (FindLiveObjects: 0.146100 ms CreateObjectMapping: 0.045600 ms MarkObjects: 2.226200 ms  DeleteObjects: 0.034100 ms)

AssetImportParameters requested are different than current active one (requested -> active):
  custom:framework-win-MediaFoundation: 216162199b28c13a410421893ffa2e32 -> 
  custom:video-decoder-ogg-theora: a1e56fd34408186e4bbccfd4996cb3dc -> 
  custom:container-muxer-webm: aa71ff27fc2769a1b78a27578f13a17b -> 
  custom:container-demuxer-webm: 4f35f7cbe854078d1ac9338744f61a02 -> 
  custom:container-demuxer-ogg: 62fdf1f143b41e24485cea50d1cbac27 -> 
  custom:video-encoder-webm-vp8: eb34c28f22e8b96e1ab97ce403110664 -> 
  custom:video-decoder-webm-vp8: 9c59270c3fd7afecdb556c50c9e8de78 -> 
  custom:graphics/normal-map-encoding: 01000000000000000000000000000000 -> 02000000000000000000000000000000
  custom:audio-decoder-ogg-vorbis: bf7c407c2cedff20999df2af8eb42d56 -> 
  custom:audio-encoder-webm-vorbis: bf7c407c2cedff20999df2af8eb42d56 -> 
========================================================================
Received Import Request.
  Time since last request: 28.031566 seconds.
  path: Assets/Prefabs/Portal.prefab
  artifactKey: Guid(1d5209998f7ee9749b7d6983d1950587) Importer(815301076,1909f56bfc062723c751e8b465ee728b)
Start importing Assets/Prefabs/Portal.prefab using Guid(1d5209998f7ee9749b7d6983d1950587) Importer(815301076,1909f56bfc062723c751e8b465ee728b)  -> (artifact id: '6d2c22791afe4b02d1fd10acb8af978d') in 0.599362 seconds 
  Import took 0.606438 seconds .

========================================================================
Received Import Request.
  Time since last request: 16.427383 seconds.
  path: Assets/Prefabs/Portal.prefab
  artifactKey: Guid(1d5209998f7ee9749b7d6983d1950587) Importer(815301076,1909f56bfc062723c751e8b465ee728b)
Start importing Assets/Prefabs/Portal.prefab using Guid(1d5209998f7ee9749b7d6983d1950587) Importer(815301076,1909f56bfc062723c751e8b465ee728b)  -> (artifact id: 'b72b6d70c9e8f199b7d304ec5d4c3a7b') in 0.457097 seconds 
  Import took 0.464122 seconds .

========================================================================
Received Prepare
Registering precompiled user dll's ...
Registered in 0.002071 seconds.
Begin MonoManager ReloadAssembly
Native extension for WindowsStandalone target not found
Refreshing native plugins compatible for Editor in 0.46 ms, found 2 plugins.
Preloading 0 native plugins for Editor in 0.00 ms.
Mono: successfully reloaded assembly
- Completed reload, in  0.745 seconds
Domain Reload Profiling:
	ReloadAssembly (745ms)
		BeginReloadAssembly (86ms)
			ExecutionOrderSort (0ms)
			DisableScriptedObjects (3ms)
			BackupInstance (0ms)
			ReleaseScriptingObjects (0ms)
			CreateAndSetChildDomain (28ms)
		EndReloadAssembly (620ms)
			LoadAssemblies (60ms)
			RebuildTransferFunctionScriptingTraits (0ms)
			SetupTypeCache (171ms)
			ReleaseScriptCaches (1ms)
			RebuildScriptCaches (24ms)
			SetupLoadedEditorAssemblies (296ms)
				LogAssemblyErrors (0ms)
				InitializePlatformSupportModulesInManaged (3ms)
				SetLoadedEditorAssemblies (0ms)
				RefreshPlugins (0ms)
				BeforeProcessingInitializeOnLoad (53ms)
				ProcessInitializeOnLoadAttributes (233ms)
				ProcessInitializeOnLoadMethodAttributes (3ms)
				AfterProcessingInitializeOnLoad (4ms)
				EditorAssembliesLoaded (0ms)
			ExecutionOrderSort2 (0ms)
			AwakeInstancesAfterBackupRestoration (4ms)
Platform modules already initialized, skipping
Switching build target platform(19) subTarget(0) extendedPlatform(0) -> platform(13) subTarget(589824) extendedPlatform(0)
Refreshing native plugins compatible for Editor in 0.47 ms, found 2 plugins.
Preloading 0 native plugins for Editor in 0.00 ms.
Unloading 2261 Unused Serialized files (Serialized files now loaded: 0)
System memory in use before: 119.6 MB.
System memory in use after: 119.8 MB.

Unloading 20 unused Assets to reduce memory usage. Loaded Objects now: 2769.
Total: 2.618800 ms (FindLiveObjects: 0.150500 ms CreateObjectMapping: 0.053800 ms MarkObjects: 2.380200 ms  DeleteObjects: 0.033600 ms)

AssetImportParameters requested are different than current active one (requested -> active):
  custom:framework-win-MediaFoundation: 216162199b28c13a410421893ffa2e32 -> 
  custom:video-decoder-ogg-theora: a1e56fd34408186e4bbccfd4996cb3dc -> 
  custom:container-muxer-webm: aa71ff27fc2769a1b78a27578f13a17b -> 
  custom:container-demuxer-webm: 4f35f7cbe854078d1ac9338744f61a02 -> 
  custom:container-demuxer-ogg: 62fdf1f143b41e24485cea50d1cbac27 -> 
  custom:video-encoder-webm-vp8: eb34c28f22e8b96e1ab97ce403110664 -> 
  custom:video-decoder-webm-vp8: 9c59270c3fd7afecdb556c50c9e8de78 -> 
  custom:graphics/normal-map-encoding: 01000000000000000000000000000000 -> 02000000000000000000000000000000
  custom:audio-decoder-ogg-vorbis: bf7c407c2cedff20999df2af8eb42d56 -> 
  custom:audio-encoder-webm-vorbis: bf7c407c2cedff20999df2af8eb42d56 -> 
========================================================================
Received Import Request.
  Time since last request: 50.813647 seconds.
  path: Assets/Prefabs/Portal.prefab
  artifactKey: Guid(1d5209998f7ee9749b7d6983d1950587) Importer(815301076,1909f56bfc062723c751e8b465ee728b)
Start importing Assets/Prefabs/Portal.prefab using Guid(1d5209998f7ee9749b7d6983d1950587) Importer(815301076,1909f56bfc062723c751e8b465ee728b)  -> (artifact id: 'a4de98171d066eb2cd8364138ca83b2d') in 0.616724 seconds 
  Import took 0.623514 seconds .

========================================================================
Received Prepare
Registering precompiled user dll's ...
Registered in 0.002413 seconds.
Begin MonoManager ReloadAssembly
Native extension for WindowsStandalone target not found
Refreshing native plugins compatible for Editor in 0.46 ms, found 2 plugins.
Preloading 0 native plugins for Editor in 0.00 ms.
Mono: successfully reloaded assembly
- Completed reload, in  0.722 seconds
Domain Reload Profiling:
	ReloadAssembly (723ms)
		BeginReloadAssembly (84ms)
			ExecutionOrderSort (0ms)
			DisableScriptedObjects (3ms)
			BackupInstance (0ms)
			ReleaseScriptingObjects (0ms)
			CreateAndSetChildDomain (26ms)
		EndReloadAssembly (601ms)
			LoadAssemblies (58ms)
			RebuildTransferFunctionScriptingTraits (0ms)
			SetupTypeCache (165ms)
			ReleaseScriptCaches (1ms)
			RebuildScriptCaches (23ms)
			SetupLoadedEditorAssemblies (285ms)
				LogAssemblyErrors (0ms)
				InitializePlatformSupportModulesInManaged (3ms)
				SetLoadedEditorAssemblies (0ms)
				RefreshPlugins (1ms)
				BeforeProcessingInitializeOnLoad (53ms)
				ProcessInitializeOnLoadAttributes (222ms)
				ProcessInitializeOnLoadMethodAttributes (3ms)
				AfterProcessingInitializeOnLoad (3ms)
				EditorAssembliesLoaded (0ms)
			ExecutionOrderSort2 (0ms)
			AwakeInstancesAfterBackupRestoration (4ms)
Platform modules already initialized, skipping
Switching build target platform(19) subTarget(0) extendedPlatform(0) -> platform(13) subTarget(589824) extendedPlatform(0)
Refreshing native plugins compatible for Editor in 0.42 ms, found 2 plugins.
Preloading 0 native plugins for Editor in 0.00 ms.
Unloading 2261 Unused Serialized files (Serialized files now loaded: 0)
System memory in use before: 119.8 MB.
System memory in use after: 119.9 MB.

Unloading 20 unused Assets to reduce memory usage. Loaded Objects now: 2773.
Total: 2.659500 ms (FindLiveObjects: 0.144200 ms CreateObjectMapping: 0.055000 ms MarkObjects: 2.423700 ms  DeleteObjects: 0.035900 ms)

AssetImportParameters requested are different than current active one (requested -> active):
  custom:framework-win-MediaFoundation: 216162199b28c13a410421893ffa2e32 -> 
  custom:video-decoder-ogg-theora: a1e56fd34408186e4bbccfd4996cb3dc -> 
  custom:container-muxer-webm: aa71ff27fc2769a1b78a27578f13a17b -> 
  custom:container-demuxer-webm: 4f35f7cbe854078d1ac9338744f61a02 -> 
  custom:container-demuxer-ogg: 62fdf1f143b41e24485cea50d1cbac27 -> 
  custom:video-encoder-webm-vp8: eb34c28f22e8b96e1ab97ce403110664 -> 
  custom:video-decoder-webm-vp8: 9c59270c3fd7afecdb556c50c9e8de78 -> 
  custom:graphics/normal-map-encoding: 01000000000000000000000000000000 -> 02000000000000000000000000000000
  custom:audio-decoder-ogg-vorbis: bf7c407c2cedff20999df2af8eb42d56 -> 
  custom:audio-encoder-webm-vorbis: bf7c407c2cedff20999df2af8eb42d56 -> 
========================================================================
Received Import Request.
  Time since last request: 57.764249 seconds.
  path: Assets/Prefabs/Portal.prefab
  artifactKey: Guid(1d5209998f7ee9749b7d6983d1950587) Importer(815301076,1909f56bfc062723c751e8b465ee728b)
Start importing Assets/Prefabs/Portal.prefab using Guid(1d5209998f7ee9749b7d6983d1950587) Importer(815301076,1909f56bfc062723c751e8b465ee728b)  -> (artifact id: 'b77d404fed0d01d29834fc19828831ba') in 0.541526 seconds 
  Import took 0.548323 seconds .

========================================================================
Received Import Request.
  Time since last request: 5325.316296 seconds.
  path: Assets/fantasySpider/SpiderAnims.controller
  artifactKey: Guid(58b2d585b732c0b4d8775f378a96ab62) Importer(815301076,1909f56bfc062723c751e8b465ee728b)
Start importing Assets/fantasySpider/SpiderAnims.controller using Guid(58b2d585b732c0b4d8775f378a96ab62) Importer(815301076,1909f56bfc062723c751e8b465ee728b)  -> (artifact id: '797a1b72067e409847756e314cbd26f4') in 0.023535 seconds 
  Import took 0.026760 seconds .

========================================================================
Received Import Request.
  Time since last request: 54.224881 seconds.
  path: Assets/fantasySpider/spider_myOldOne.FBX
  artifactKey: Guid(bc600cce01eb57a409f4e69025868a2c) Importer(815301076,1909f56bfc062723c751e8b465ee728b)
Start importing Assets/fantasySpider/spider_myOldOne.FBX using Guid(bc600cce01eb57a409f4e69025868a2c) Importer(815301076,1909f56bfc062723c751e8b465ee728b)  -> (artifact id: '8d486539ae7614de7ea4afdb8f73390f') in 0.110113 seconds 
  Import took 0.113792 seconds .

========================================================================
Received Import Request.
  Time since last request: 48.660280 seconds.
  path: Assets/cemetery halloween set/models/Tree01_BG.fbx
  artifactKey: Guid(fbffa6d1962d2bc4d8fd1166094aa204) Importer(815301076,1909f56bfc062723c751e8b465ee728b)
Start importing Assets/cemetery halloween set/models/Tree01_BG.fbx using Guid(fbffa6d1962d2bc4d8fd1166094aa204) Importer(815301076,1909f56bfc062723c751e8b465ee728b)  -> (artifact id: '8f0fd2f8c3b3eb7d5d23c88a6910685b') in 0.081098 seconds 
  Import took 0.084218 seconds .

========================================================================
Received Import Request.
  Time since last request: 0.000144 seconds.
  path: Assets/cemetery halloween set/models/Tree03_BG.fbx
  artifactKey: Guid(9f553b6ed6390b4428623d4ce2e01c4a) Importer(815301076,1909f56bfc062723c751e8b465ee728b)
Start importing Assets/cemetery halloween set/models/Tree03_BG.fbx using Guid(9f553b6ed6390b4428623d4ce2e01c4a) Importer(815301076,1909f56bfc062723c751e8b465ee728b)  -> (artifact id: 'f2291b6e6d4ba8d7c7729a83263310f9') in 0.074657 seconds 
  Import took 0.077521 seconds .

========================================================================
Received Import Request.
  Time since last request: 0.000170 seconds.
  path: Assets/cemetery halloween set/models/Tree02_BG.fbx
  artifactKey: Guid(95dd1e4fe90316e43a9f0ecab11d671e) Importer(815301076,1909f56bfc062723c751e8b465ee728b)
Start importing Assets/cemetery halloween set/models/Tree02_BG.fbx using Guid(95dd1e4fe90316e43a9f0ecab11d671e) Importer(815301076,1909f56bfc062723c751e8b465ee728b)  -> (artifact id: '53f28dc115bfd22d1e828a45d73e7210') in 0.074078 seconds 
  Import took 0.076979 seconds .

========================================================================
Received Import Request.
  Time since last request: 0.000145 seconds.
  path: Assets/cemetery halloween set/mobile_models/Tree02_BG.fbx
  artifactKey: Guid(54294e5a20062f0409574f793d0a4afa) Importer(815301076,1909f56bfc062723c751e8b465ee728b)
Start importing Assets/cemetery halloween set/mobile_models/Tree02_BG.fbx using Guid(54294e5a20062f0409574f793d0a4afa) Importer(815301076,1909f56bfc062723c751e8b465ee728b)  -> (artifact id: 'bfa0406b058ef50f41290be2c1d280d6') in 0.073458 seconds 
  Import took 0.076150 seconds .

========================================================================
Received Import Request.
  Time since last request: 0.000155 seconds.
  path: Assets/cemetery halloween set/mobile_models/Tree01_BG.fbx
  artifactKey: Guid(479f6285e495c35478ec9578924be7ca) Importer(815301076,1909f56bfc062723c751e8b465ee728b)
Start importing Assets/cemetery halloween set/mobile_models/Tree01_BG.fbx using Guid(479f6285e495c35478ec9578924be7ca) Importer(815301076,1909f56bfc062723c751e8b465ee728b)  -> (artifact id: '0c60b2ddd1df398e0e35c9b82bbac8c9') in 0.073368 seconds 
  Import took 0.076052 seconds .

========================================================================
Received Import Request.
  Time since last request: 0.000153 seconds.
  path: Assets/cemetery halloween set/mobile_models/Tree04_BG.fbx
  artifactKey: Guid(cb99235c8bf6a974981506ec98dbc64a) Importer(815301076,1909f56bfc062723c751e8b465ee728b)
Start importing Assets/cemetery halloween set/mobile_models/Tree04_BG.fbx using Guid(cb99235c8bf6a974981506ec98dbc64a) Importer(815301076,1909f56bfc062723c751e8b465ee728b)  -> (artifact id: '2a4e24197e60d7d65f15298d6faab0a1') in 0.073530 seconds 
  Import took 0.076185 seconds .

========================================================================
Received Import Request.
  Time since last request: 0.000144 seconds.
  path: Assets/cemetery halloween set/mobile_models/Tree03_BG.fbx
  artifactKey: Guid(fe4942aa989cf244eb7b7a30eb0a95e5) Importer(815301076,1909f56bfc062723c751e8b465ee728b)
Start importing Assets/cemetery halloween set/mobile_models/Tree03_BG.fbx using Guid(fe4942aa989cf244eb7b7a30eb0a95e5) Importer(815301076,1909f56bfc062723c751e8b465ee728b)  -> (artifact id: '911b63b9ab7f05eaa8bd52ca15ef55e3') in 0.080914 seconds 
  Import took 0.083644 seconds .

========================================================================
Received Import Request.
  Time since last request: 0.000142 seconds.
  path: Assets/cemetery halloween set/models/Tree04_BG.fbx
  artifactKey: Guid(7d75db39f4155464a8123a6d4175f6f8) Importer(815301076,1909f56bfc062723c751e8b465ee728b)
Start importing Assets/cemetery halloween set/models/Tree04_BG.fbx using Guid(7d75db39f4155464a8123a6d4175f6f8) Importer(815301076,1909f56bfc062723c751e8b465ee728b)  -> (artifact id: '0279e42082554bea1e280c96e7973607') in 0.073646 seconds 
  Import took 0.076203 seconds .

========================================================================
Received Prepare
Registering precompiled user dll's ...
Registered in 0.002129 seconds.
Begin MonoManager ReloadAssembly
Native extension for WindowsStandalone target not found
Refreshing native plugins compatible for Editor in 0.59 ms, found 2 plugins.
Preloading 0 native plugins for Editor in 0.00 ms.
Mono: successfully reloaded assembly
- Completed reload, in  0.754 seconds
Domain Reload Profiling:
	ReloadAssembly (755ms)
		BeginReloadAssembly (89ms)
			ExecutionOrderSort (0ms)
			DisableScriptedObjects (3ms)
			BackupInstance (0ms)
			ReleaseScriptingObjects (0ms)
			CreateAndSetChildDomain (27ms)
		EndReloadAssembly (627ms)
			LoadAssemblies (60ms)
			RebuildTransferFunctionScriptingTraits (0ms)
			SetupTypeCache (170ms)
			ReleaseScriptCaches (1ms)
			RebuildScriptCaches (24ms)
			SetupLoadedEditorAssemblies (297ms)
				LogAssemblyErrors (0ms)
				InitializePlatformSupportModulesInManaged (4ms)
				SetLoadedEditorAssemblies (1ms)
				RefreshPlugins (1ms)
				BeforeProcessingInitializeOnLoad (55ms)
				ProcessInitializeOnLoadAttributes (230ms)
				ProcessInitializeOnLoadMethodAttributes (3ms)
				AfterProcessingInitializeOnLoad (3ms)
				EditorAssembliesLoaded (0ms)
			ExecutionOrderSort2 (0ms)
			AwakeInstancesAfterBackupRestoration (4ms)
Platform modules already initialized, skipping
Switching build target platform(19) subTarget(0) extendedPlatform(0) -> platform(13) subTarget(589824) extendedPlatform(0)
Refreshing native plugins compatible for Editor in 0.46 ms, found 2 plugins.
Preloading 0 native plugins for Editor in 0.00 ms.
Unloading 2261 Unused Serialized files (Serialized files now loaded: 0)
System memory in use before: 119.9 MB.
System memory in use after: 120.1 MB.

Unloading 20 unused Assets to reduce memory usage. Loaded Objects now: 2780.
Total: 2.869300 ms (FindLiveObjects: 0.180900 ms CreateObjectMapping: 0.062000 ms MarkObjects: 2.580900 ms  DeleteObjects: 0.044500 ms)

AssetImportParameters requested are different than current active one (requested -> active):
  custom:framework-win-MediaFoundation: 216162199b28c13a410421893ffa2e32 -> 
  custom:video-decoder-ogg-theora: a1e56fd34408186e4bbccfd4996cb3dc -> 
  custom:container-muxer-webm: aa71ff27fc2769a1b78a27578f13a17b -> 
  custom:container-demuxer-webm: 4f35f7cbe854078d1ac9338744f61a02 -> 
  custom:container-demuxer-ogg: 62fdf1f143b41e24485cea50d1cbac27 -> 
  custom:video-encoder-webm-vp8: eb34c28f22e8b96e1ab97ce403110664 -> 
  custom:video-decoder-webm-vp8: 9c59270c3fd7afecdb556c50c9e8de78 -> 
  custom:graphics/normal-map-encoding: 01000000000000000000000000000000 -> 02000000000000000000000000000000
  custom:audio-decoder-ogg-vorbis: bf7c407c2cedff20999df2af8eb42d56 -> 
  custom:audio-encoder-webm-vorbis: bf7c407c2cedff20999df2af8eb42d56 -> 
========================================================================
Received Import Request.
  Time since last request: 37.620183 seconds.
  path: Assets/fantasySpider/spider_myOldOne.FBX
  artifactKey: Guid(bc600cce01eb57a409f4e69025868a2c) Importer(815301076,1909f56bfc062723c751e8b465ee728b)
Start importing Assets/fantasySpider/spider_myOldOne.FBX using Guid(bc600cce01eb57a409f4e69025868a2c) Importer(815301076,1909f56bfc062723c751e8b465ee728b)  -> (artifact id: 'adcdcfaf9174178695f0490bdecaf0fb') in 0.090668 seconds 
  Import took 0.094108 seconds .

========================================================================
Received Import Request.
  Time since last request: 211.892553 seconds.
  path: Assets/Prefabs/Portal.prefab
  artifactKey: Guid(1d5209998f7ee9749b7d6983d1950587) Importer(815301076,1909f56bfc062723c751e8b465ee728b)
Start importing Assets/Prefabs/Portal.prefab using Guid(1d5209998f7ee9749b7d6983d1950587) Importer(815301076,1909f56bfc062723c751e8b465ee728b)  -> (artifact id: 'e7e4468eb8b4d533a2c268d94004dfb7') in 0.582348 seconds 
  Import took 0.589423 seconds .

========================================================================
Received Import Request.
  Time since last request: 13.639289 seconds.
  path: Assets/Prefabs/Portal.prefab
  artifactKey: Guid(1d5209998f7ee9749b7d6983d1950587) Importer(815301076,1909f56bfc062723c751e8b465ee728b)
Start importing Assets/Prefabs/Portal.prefab using Guid(1d5209998f7ee9749b7d6983d1950587) Importer(815301076,1909f56bfc062723c751e8b465ee728b)  -> (artifact id: 'dc2d7a6617daa4106645e621c951ea4e') in 0.456534 seconds 
  Import took 0.463960 seconds .

========================================================================
Received Prepare
Registering precompiled user dll's ...
Registered in 0.001947 seconds.
Begin MonoManager ReloadAssembly
Native extension for WindowsStandalone target not found
Refreshing native plugins compatible for Editor in 0.46 ms, found 2 plugins.
Preloading 0 native plugins for Editor in 0.00 ms.
Mono: successfully reloaded assembly
- Completed reload, in  0.713 seconds
Domain Reload Profiling:
	ReloadAssembly (714ms)
		BeginReloadAssembly (77ms)
			ExecutionOrderSort (0ms)
			DisableScriptedObjects (3ms)
			BackupInstance (0ms)
			ReleaseScriptingObjects (0ms)
			CreateAndSetChildDomain (24ms)
		EndReloadAssembly (600ms)
			LoadAssemblies (56ms)
			RebuildTransferFunctionScriptingTraits (0ms)
			SetupTypeCache (161ms)
			ReleaseScriptCaches (1ms)
			RebuildScriptCaches (23ms)
			SetupLoadedEditorAssemblies (280ms)
				LogAssemblyErrors (0ms)
				InitializePlatformSupportModulesInManaged (3ms)
				SetLoadedEditorAssemblies (0ms)
				RefreshPlugins (0ms)
				BeforeProcessingInitializeOnLoad (52ms)
				ProcessInitializeOnLoadAttributes (218ms)
				ProcessInitializeOnLoadMethodAttributes (3ms)
				AfterProcessingInitializeOnLoad (3ms)
				EditorAssembliesLoaded (0ms)
			ExecutionOrderSort2 (0ms)
			AwakeInstancesAfterBackupRestoration (4ms)
Platform modules already initialized, skipping
Switching build target platform(19) subTarget(0) extendedPlatform(0) -> platform(13) subTarget(589824) extendedPlatform(0)
Refreshing native plugins compatible for Editor in 0.42 ms, found 2 plugins.
Preloading 0 native plugins for Editor in 0.00 ms.
Unloading 2261 Unused Serialized files (Serialized files now loaded: 0)
System memory in use before: 120.1 MB.
System memory in use after: 120.3 MB.

Unloading 20 unused Assets to reduce memory usage. Loaded Objects now: 2784.
Total: 2.506500 ms (FindLiveObjects: 0.155400 ms CreateObjectMapping: 0.053000 ms MarkObjects: 2.262400 ms  DeleteObjects: 0.035100 ms)

AssetImportParameters requested are different than current active one (requested -> active):
  custom:framework-win-MediaFoundation: 216162199b28c13a410421893ffa2e32 -> 
  custom:video-decoder-ogg-theora: a1e56fd34408186e4bbccfd4996cb3dc -> 
  custom:container-muxer-webm: aa71ff27fc2769a1b78a27578f13a17b -> 
  custom:container-demuxer-webm: 4f35f7cbe854078d1ac9338744f61a02 -> 
  custom:container-demuxer-ogg: 62fdf1f143b41e24485cea50d1cbac27 -> 
  custom:video-encoder-webm-vp8: eb34c28f22e8b96e1ab97ce403110664 -> 
  custom:video-decoder-webm-vp8: 9c59270c3fd7afecdb556c50c9e8de78 -> 
  custom:graphics/normal-map-encoding: 01000000000000000000000000000000 -> 02000000000000000000000000000000
  custom:audio-decoder-ogg-vorbis: bf7c407c2cedff20999df2af8eb42d56 -> 
  custom:audio-encoder-webm-vorbis: bf7c407c2cedff20999df2af8eb42d56 -> 
========================================================================
Received Import Request.
  Time since last request: 86.207731 seconds.
  path: Assets/Prefabs/Portal.prefab
  artifactKey: Guid(1d5209998f7ee9749b7d6983d1950587) Importer(815301076,1909f56bfc062723c751e8b465ee728b)
Start importing Assets/Prefabs/Portal.prefab using Guid(1d5209998f7ee9749b7d6983d1950587) Importer(815301076,1909f56bfc062723c751e8b465ee728b)  -> (artifact id: 'a5fab601f402fae6028194bac1e2e509') in 0.545698 seconds 
  Import took 0.552729 seconds .

========================================================================
Received Prepare
Registering precompiled user dll's ...
Registered in 0.002041 seconds.
Begin MonoManager ReloadAssembly
Native extension for WindowsStandalone target not found
Refreshing native plugins compatible for Editor in 0.47 ms, found 2 plugins.
Preloading 0 native plugins for Editor in 0.00 ms.
Mono: successfully reloaded assembly
- Completed reload, in  0.728 seconds
Domain Reload Profiling:
	ReloadAssembly (728ms)
		BeginReloadAssembly (85ms)
			ExecutionOrderSort (0ms)
			DisableScriptedObjects (3ms)
			BackupInstance (0ms)
			ReleaseScriptingObjects (0ms)
			CreateAndSetChildDomain (25ms)
		EndReloadAssembly (607ms)
			LoadAssemblies (57ms)
			RebuildTransferFunctionScriptingTraits (0ms)
			SetupTypeCache (162ms)
			ReleaseScriptCaches (1ms)
			RebuildScriptCaches (24ms)
			SetupLoadedEditorAssemblies (283ms)
				LogAssemblyErrors (0ms)
				InitializePlatformSupportModulesInManaged (3ms)
				SetLoadedEditorAssemblies (0ms)
				RefreshPlugins (1ms)
				BeforeProcessingInitializeOnLoad (52ms)
				ProcessInitializeOnLoadAttributes (221ms)
				ProcessInitializeOnLoadMethodAttributes (2ms)
				AfterProcessingInitializeOnLoad (3ms)
				EditorAssembliesLoaded (0ms)
			ExecutionOrderSort2 (0ms)
			AwakeInstancesAfterBackupRestoration (4ms)
Platform modules already initialized, skipping
Switching build target platform(19) subTarget(0) extendedPlatform(0) -> platform(13) subTarget(589824) extendedPlatform(0)
Refreshing native plugins compatible for Editor in 0.43 ms, found 2 plugins.
Preloading 0 native plugins for Editor in 0.00 ms.
Unloading 2261 Unused Serialized files (Serialized files now loaded: 0)
System memory in use before: 120.2 MB.
System memory in use after: 120.4 MB.

Unloading 20 unused Assets to reduce memory usage. Loaded Objects now: 2788.
Total: 2.462800 ms (FindLiveObjects: 0.150300 ms CreateObjectMapping: 0.056500 ms MarkObjects: 2.213700 ms  DeleteObjects: 0.041600 ms)

AssetImportParameters requested are different than current active one (requested -> active):
  custom:framework-win-MediaFoundation: 216162199b28c13a410421893ffa2e32 -> 
  custom:video-decoder-ogg-theora: a1e56fd34408186e4bbccfd4996cb3dc -> 
  custom:container-muxer-webm: aa71ff27fc2769a1b78a27578f13a17b -> 
  custom:container-demuxer-webm: 4f35f7cbe854078d1ac9338744f61a02 -> 
  custom:container-demuxer-ogg: 62fdf1f143b41e24485cea50d1cbac27 -> 
  custom:video-encoder-webm-vp8: eb34c28f22e8b96e1ab97ce403110664 -> 
  custom:video-decoder-webm-vp8: 9c59270c3fd7afecdb556c50c9e8de78 -> 
  custom:graphics/normal-map-encoding: 01000000000000000000000000000000 -> 02000000000000000000000000000000
  custom:audio-decoder-ogg-vorbis: bf7c407c2cedff20999df2af8eb42d56 -> 
  custom:audio-encoder-webm-vorbis: bf7c407c2cedff20999df2af8eb42d56 -> 
========================================================================
Received Prepare
Registering precompiled user dll's ...
Registered in 0.002050 seconds.
Begin MonoManager ReloadAssembly
Native extension for WindowsStandalone target not found
Refreshing native plugins compatible for Editor in 0.46 ms, found 2 plugins.
Preloading 0 native plugins for Editor in 0.00 ms.
Mono: successfully reloaded assembly
- Completed reload, in  0.717 seconds
Domain Reload Profiling:
	ReloadAssembly (717ms)
		BeginReloadAssembly (74ms)
			ExecutionOrderSort (0ms)
			DisableScriptedObjects (3ms)
			BackupInstance (0ms)
			ReleaseScriptingObjects (0ms)
			CreateAndSetChildDomain (24ms)
		EndReloadAssembly (605ms)
			LoadAssemblies (58ms)
			RebuildTransferFunctionScriptingTraits (0ms)
			SetupTypeCache (160ms)
			ReleaseScriptCaches (1ms)
			RebuildScriptCaches (23ms)
			SetupLoadedEditorAssemblies (281ms)
				LogAssemblyErrors (0ms)
				InitializePlatformSupportModulesInManaged (3ms)
				SetLoadedEditorAssemblies (0ms)
				RefreshPlugins (0ms)
				BeforeProcessingInitializeOnLoad (52ms)
				ProcessInitializeOnLoadAttributes (219ms)
				ProcessInitializeOnLoadMethodAttributes (3ms)
				AfterProcessingInitializeOnLoad (3ms)
				EditorAssembliesLoaded (0ms)
			ExecutionOrderSort2 (0ms)
			AwakeInstancesAfterBackupRestoration (4ms)
Platform modules already initialized, skipping
Switching build target platform(19) subTarget(0) extendedPlatform(0) -> platform(13) subTarget(589824) extendedPlatform(0)
Refreshing native plugins compatible for Editor in 0.48 ms, found 2 plugins.
Preloading 0 native plugins for Editor in 0.00 ms.
Unloading 2261 Unused Serialized files (Serialized files now loaded: 0)
System memory in use before: 120.2 MB.
System memory in use after: 120.4 MB.

Unloading 20 unused Assets to reduce memory usage. Loaded Objects now: 2791.
Total: 2.398300 ms (FindLiveObjects: 0.160700 ms CreateObjectMapping: 0.062200 ms MarkObjects: 2.132400 ms  DeleteObjects: 0.042100 ms)

AssetImportParameters requested are different than current active one (requested -> active):
  custom:framework-win-MediaFoundation: 216162199b28c13a410421893ffa2e32 -> 
  custom:video-decoder-ogg-theora: a1e56fd34408186e4bbccfd4996cb3dc -> 
  custom:container-muxer-webm: aa71ff27fc2769a1b78a27578f13a17b -> 
  custom:container-demuxer-webm: 4f35f7cbe854078d1ac9338744f61a02 -> 
  custom:container-demuxer-ogg: 62fdf1f143b41e24485cea50d1cbac27 -> 
  custom:video-encoder-webm-vp8: eb34c28f22e8b96e1ab97ce403110664 -> 
  custom:video-decoder-webm-vp8: 9c59270c3fd7afecdb556c50c9e8de78 -> 
  custom:graphics/normal-map-encoding: 01000000000000000000000000000000 -> 02000000000000000000000000000000
  custom:audio-decoder-ogg-vorbis: bf7c407c2cedff20999df2af8eb42d56 -> 
  custom:audio-encoder-webm-vorbis: bf7c407c2cedff20999df2af8eb42d56 -> 
========================================================================
Received Import Request.
  Time since last request: 399.912539 seconds.
  path: Assets/Prefabs/Portal.prefab
  artifactKey: Guid(1d5209998f7ee9749b7d6983d1950587) Importer(815301076,1909f56bfc062723c751e8b465ee728b)
Start importing Assets/Prefabs/Portal.prefab using Guid(1d5209998f7ee9749b7d6983d1950587) Importer(815301076,1909f56bfc062723c751e8b465ee728b)  -> (artifact id: 'd2e8a0c6aedfbcd4eb4808065ccdaeeb') in 0.631187 seconds 
  Import took 0.638433 seconds .

========================================================================
Received Import Request.
  Time since last request: 0.000153 seconds.
  path: Assets/Prefabs/Cemetery.prefab
  artifactKey: Guid(cfc003cb4a3862844a8f5423e5d46aee) Importer(815301076,1909f56bfc062723c751e8b465ee728b)
Start importing Assets/Prefabs/Cemetery.prefab using Guid(cfc003cb4a3862844a8f5423e5d46aee) Importer(815301076,1909f56bfc062723c751e8b465ee728b)  -> (artifact id: 'cc3b13930da4dd009c1c90ffdffc133b') in 0.383142 seconds 
  Import took 0.389138 seconds .

========================================================================
Received Import Request.
  Time since last request: 137.740544 seconds.
  path: Assets/Art By Kandles
  artifactKey: Guid(9787bfd426344a742807429d32a01f38) Importer(815301076,1909f56bfc062723c751e8b465ee728b)
Start importing Assets/Art By Kandles using Guid(9787bfd426344a742807429d32a01f38) Importer(815301076,1909f56bfc062723c751e8b465ee728b)  -> (artifact id: '493756c36be23e640d65aca63dffc5fb') in 0.018036 seconds 
  Import took 0.021052 seconds .

========================================================================
Received Import Request.
  Time since last request: 0.785799 seconds.
  path: Assets/Art By Kandles/Halloween Icons
  artifactKey: Guid(2d3b4eedd3056254aa270afc64733727) Importer(815301076,1909f56bfc062723c751e8b465ee728b)
Start importing Assets/Art By Kandles/Halloween Icons using Guid(2d3b4eedd3056254aa270afc64733727) Importer(815301076,1909f56bfc062723c751e8b465ee728b)  -> (artifact id: 'e02f5c48fbb2e5b8dd33e1e0a8345984') in 0.017963 seconds 
  Import took 0.020777 seconds .

========================================================================
Received Import Request.
  Time since last request: 2.979257 seconds.
  path: Assets/Art By Kandles/Halloween Icons/Scenes.unity
  artifactKey: Guid(ed1eeef866219624fa82584a3504a7b7) Importer(815301076,1909f56bfc062723c751e8b465ee728b)
Start importing Assets/Art By Kandles/Halloween Icons/Scenes.unity using Guid(ed1eeef866219624fa82584a3504a7b7) Importer(815301076,1909f56bfc062723c751e8b465ee728b)  -> (artifact id: 'a54cd81e74cb803ffc944bc460266076') in 0.019570 seconds 
  Import took 0.022371 seconds .

========================================================================
Received Import Request.
  Time since last request: 8.152998 seconds.
  path: Assets/Art By Kandles/Halloween Icons/PSDs
  artifactKey: Guid(9e91c57c288a5454c99815b69ceefdad) Importer(815301076,1909f56bfc062723c751e8b465ee728b)
Start importing Assets/Art By Kandles/Halloween Icons/PSDs using Guid(9e91c57c288a5454c99815b69ceefdad) Importer(815301076,1909f56bfc062723c751e8b465ee728b)  -> (artifact id: '8c9068aa92c4649251e995184f42b87f') in 0.017930 seconds 
  Import took 0.020690 seconds .

========================================================================
Received Import Request.
  Time since last request: 0.065841 seconds.
  path: Assets/Art By Kandles/Halloween Icons/PSDs/HalloweenIcons.psd
  artifactKey: Guid(17a8263e9a2600748b35481f49e3b0c1) Importer(815301076,1909f56bfc062723c751e8b465ee728b)
Start importing Assets/Art By Kandles/Halloween Icons/PSDs/HalloweenIcons.psd using Guid(17a8263e9a2600748b35481f49e3b0c1) Importer(815301076,1909f56bfc062723c751e8b465ee728b)  -> (artifact id: 'a49eafc0c6a4cea4b2b6a26cb8e27a32') in 0.051150 seconds 
  Import took 0.053932 seconds .

========================================================================
Received Import Request.
  Time since last request: 4.183567 seconds.
  path: Assets/Art By Kandles/Halloween Icons/Prefabs
  artifactKey: Guid(fd41ff3f5109da842a26e066b6d60b7a) Importer(815301076,1909f56bfc062723c751e8b465ee728b)
Start importing Assets/Art By Kandles/Halloween Icons/Prefabs using Guid(fd41ff3f5109da842a26e066b6d60b7a) Importer(815301076,1909f56bfc062723c751e8b465ee728b)  -> (artifact id: '4233d84621f055aeb76f0826d89f5374') in 0.017632 seconds 
  Import took 0.020372 seconds .

========================================================================
Received Import Request.
  Time since last request: 1.738782 seconds.
  path: Assets/Art By Kandles/Halloween Icons/Prefabs/Medium
  artifactKey: Guid(4b2e69638bbb7fc44be133f040a9c036) Importer(815301076,1909f56bfc062723c751e8b465ee728b)
Start importing Assets/Art By Kandles/Halloween Icons/Prefabs/Medium using Guid(4b2e69638bbb7fc44be133f040a9c036) Importer(815301076,1909f56bfc062723c751e8b465ee728b)  -> (artifact id: '383c921a2949712207765f25c0ff90d7') in 0.018420 seconds 
  Import took 0.021212 seconds .

========================================================================
Received Import Request.
  Time since last request: 0.085584 seconds.
  path: Assets/Art By Kandles/Halloween Icons/Prefabs/Medium/Bat.prefab
  artifactKey: Guid(d6944e347d2bba6449688fcd3abc7fdb) Importer(815301076,1909f56bfc062723c751e8b465ee728b)
Start importing Assets/Art By Kandles/Halloween Icons/Prefabs/Medium/Bat.prefab using Guid(d6944e347d2bba6449688fcd3abc7fdb) Importer(815301076,1909f56bfc062723c751e8b465ee728b)  -> (artifact id: '09bc03bf4823a34dd7605091bc1ab894') in 0.024372 seconds 
  Import took 0.027301 seconds .

========================================================================
Received Import Request.
  Time since last request: 0.000138 seconds.
  path: Assets/Art By Kandles/Halloween Icons/Prefabs/Medium/WitchHat.prefab
  artifactKey: Guid(93bcf5d22e479f646adda9c6dedc42a3) Importer(815301076,1909f56bfc062723c751e8b465ee728b)
Start importing Assets/Art By Kandles/Halloween Icons/Prefabs/Medium/WitchHat.prefab using Guid(93bcf5d22e479f646adda9c6dedc42a3) Importer(815301076,1909f56bfc062723c751e8b465ee728b)  -> (artifact id: 'f39810005f41b9aab05e15c0c7b8d174') in 0.019364 seconds 
  Import took 0.021370 seconds .

========================================================================
Received Import Request.
  Time since last request: 0.000121 seconds.
  path: Assets/Art By Kandles/Halloween Icons/Prefabs/Medium/Cauldron.prefab
  artifactKey: Guid(b3adce58a70173647ae3d92ae7636ec0) Importer(815301076,1909f56bfc062723c751e8b465ee728b)
Start importing Assets/Art By Kandles/Halloween Icons/Prefabs/Medium/Cauldron.prefab using Guid(b3adce58a70173647ae3d92ae7636ec0) Importer(815301076,1909f56bfc062723c751e8b465ee728b)  -> (artifact id: 'b553b9bd666d99321373fd2f41a9714c') in 0.020841 seconds 
  Import took 0.022889 seconds .

========================================================================
Received Import Request.
  Time since last request: 0.000093 seconds.
  path: Assets/Art By Kandles/Halloween Icons/Prefabs/Medium/Grave.prefab
  artifactKey: Guid(be69b5502b3598b418c1c38b544b003f) Importer(815301076,1909f56bfc062723c751e8b465ee728b)
Start importing Assets/Art By Kandles/Halloween Icons/Prefabs/Medium/Grave.prefab using Guid(be69b5502b3598b418c1c38b544b003f) Importer(815301076,1909f56bfc062723c751e8b465ee728b)  -> (artifact id: '51bd1f76b8c6b419ae13353d992d00d0') in 0.019020 seconds 
  Import took 0.021149 seconds .

========================================================================
Received Import Request.
  Time since last request: 0.000105 seconds.
  path: Assets/Art By Kandles/Halloween Icons/Prefabs/Medium/Pumpkin.prefab
  artifactKey: Guid(62f9ca1ef29e90c4390c669572341f3e) Importer(815301076,1909f56bfc062723c751e8b465ee728b)
Start importing Assets/Art By Kandles/Halloween Icons/Prefabs/Medium/Pumpkin.prefab using Guid(62f9ca1ef29e90c4390c669572341f3e) Importer(815301076,1909f56bfc062723c751e8b465ee728b)  -> (artifact id: 'cfdef7d8c2a2da9489c3b1e211ea65ee') in 0.020048 seconds 
  Import took 0.022314 seconds .

========================================================================
Received Import Request.
  Time since last request: 0.000119 seconds.
  path: Assets/Art By Kandles/Halloween Icons/Prefabs/Medium/Candle.prefab
  artifactKey: Guid(cf9a8febfcf158f4d87f8d4d77f47d58) Importer(815301076,1909f56bfc062723c751e8b465ee728b)
Start importing Assets/Art By Kandles/Halloween Icons/Prefabs/Medium/Candle.prefab using Guid(cf9a8febfcf158f4d87f8d4d77f47d58) Importer(815301076,1909f56bfc062723c751e8b465ee728b)  -> (artifact id: 'dc7f1ea3acaf4ccab0218f7f36bd5d7c') in 0.019734 seconds 
  Import took 0.022442 seconds .

========================================================================
Received Import Request.
  Time since last request: 1.696487 seconds.
  path: Assets/Art By Kandles/Halloween Icons/Prefabs/Small
  artifactKey: Guid(e1a453adf8d014e4bad3d8aff7159cd0) Importer(815301076,1909f56bfc062723c751e8b465ee728b)
Start importing Assets/Art By Kandles/Halloween Icons/Prefabs/Small using Guid(e1a453adf8d014e4bad3d8aff7159cd0) Importer(815301076,1909f56bfc062723c751e8b465ee728b)  -> (artifact id: '6872b76a02df0a79644316de9c696e86') in 0.018677 seconds 
  Import took 0.021468 seconds .

========================================================================
Received Import Request.
  Time since last request: 0.061404 seconds.
  path: Assets/Art By Kandles/Halloween Icons/Prefabs/Small/Bat.prefab
  artifactKey: Guid(9a34b996e549cdc41989b3088e3461d9) Importer(815301076,1909f56bfc062723c751e8b465ee728b)
Start importing Assets/Art By Kandles/Halloween Icons/Prefabs/Small/Bat.prefab using Guid(9a34b996e549cdc41989b3088e3461d9) Importer(815301076,1909f56bfc062723c751e8b465ee728b)  -> (artifact id: '739f5296267b59b750f6ba4f143d3dcc') in 0.019077 seconds 
  Import took 0.021719 seconds .

========================================================================
Received Import Request.
  Time since last request: 0.000122 seconds.
  path: Assets/Art By Kandles/Halloween Icons/Prefabs/Small/Pumpkin.prefab
  artifactKey: Guid(1a770d72e2c0d524389c4c6f546288ed) Importer(815301076,1909f56bfc062723c751e8b465ee728b)
Start importing Assets/Art By Kandles/Halloween Icons/Prefabs/Small/Pumpkin.prefab using Guid(1a770d72e2c0d524389c4c6f546288ed) Importer(815301076,1909f56bfc062723c751e8b465ee728b)  -> (artifact id: 'cc77f1303f269285e7f54d16b6b8ccea') in 0.018658 seconds 
  Import took 0.020742 seconds .

========================================================================
Received Import Request.
  Time since last request: 0.000107 seconds.
  path: Assets/Art By Kandles/Halloween Icons/Prefabs/Small/Grave.prefab
  artifactKey: Guid(a117989bff984364fb6ab9bd1b990e3c) Importer(815301076,1909f56bfc062723c751e8b465ee728b)
Start importing Assets/Art By Kandles/Halloween Icons/Prefabs/Small/Grave.prefab using Guid(a117989bff984364fb6ab9bd1b990e3c) Importer(815301076,1909f56bfc062723c751e8b465ee728b)  -> (artifact id: 'bb8f62583927dc66549c9b032e8c2d52') in 0.018505 seconds 
  Import took 0.020374 seconds .

========================================================================
Received Import Request.
  Time since last request: 0.000107 seconds.
  path: Assets/Art By Kandles/Halloween Icons/Prefabs/Small/WitchHat.prefab
  artifactKey: Guid(054ac19793f957d4dbdcc884bc2d9e09) Importer(815301076,1909f56bfc062723c751e8b465ee728b)
Start importing Assets/Art By Kandles/Halloween Icons/Prefabs/Small/WitchHat.prefab using Guid(054ac19793f957d4dbdcc884bc2d9e09) Importer(815301076,1909f56bfc062723c751e8b465ee728b)  -> (artifact id: 'c8d41a00c9d534092c4564f9c123a1fb') in 0.018159 seconds 
  Import took 0.019911 seconds .

========================================================================
Received Import Request.
  Time since last request: 0.000093 seconds.
  path: Assets/Art By Kandles/Halloween Icons/Prefabs/Small/Candle.prefab
  artifactKey: Guid(a9cfe65adf172094e8c2598f782bfd40) Importer(815301076,1909f56bfc062723c751e8b465ee728b)
Start importing Assets/Art By Kandles/Halloween Icons/Prefabs/Small/Candle.prefab using Guid(a9cfe65adf172094e8c2598f782bfd40) Importer(815301076,1909f56bfc062723c751e8b465ee728b)  -> (artifact id: 'dd52c10f927c7e58c77a8bc1e82752cf') in 0.018202 seconds 
  Import took 0.020417 seconds .

========================================================================
Received Import Request.
  Time since last request: 0.000115 seconds.
  path: Assets/Art By Kandles/Halloween Icons/Prefabs/Small/Cauldron.prefab
  artifactKey: Guid(6465d091fd61c9544a8f5dc68fdd7c76) Importer(815301076,1909f56bfc062723c751e8b465ee728b)
Start importing Assets/Art By Kandles/Halloween Icons/Prefabs/Small/Cauldron.prefab using Guid(6465d091fd61c9544a8f5dc68fdd7c76) Importer(815301076,1909f56bfc062723c751e8b465ee728b)  -> (artifact id: 'a1fb7c8d8be80baef4069b674443c480') in 0.018687 seconds 
  Import took 0.020849 seconds .

========================================================================
Received Import Request.
  Time since last request: 41.763102 seconds.
  path: Assets/Art By Kandles/Halloween Icons/Textures
  artifactKey: Guid(eca80422339b03c4a8b4f1c1465013fd) Importer(815301076,1909f56bfc062723c751e8b465ee728b)
Start importing Assets/Art By Kandles/Halloween Icons/Textures using Guid(eca80422339b03c4a8b4f1c1465013fd) Importer(815301076,1909f56bfc062723c751e8b465ee728b)  -> (artifact id: 'c81ca9ff219ccd685fac9c0efabab623') in 0.017321 seconds 
  Import took 0.020116 seconds .

========================================================================
Received Import Request.
  Time since last request: 1.396818 seconds.
  path: Assets/Art By Kandles/Halloween Icons/Textures/Small
  artifactKey: Guid(cac813d2f8840374d9347467b9e2e01a) Importer(815301076,1909f56bfc062723c751e8b465ee728b)
Start importing Assets/Art By Kandles/Halloween Icons/Textures/Small using Guid(cac813d2f8840374d9347467b9e2e01a) Importer(815301076,1909f56bfc062723c751e8b465ee728b)  -> (artifact id: '793ab8d8bc935686d495c8d9ca80b1ce') in 0.017176 seconds 
  Import took 0.020020 seconds .

========================================================================
Received Import Request.
  Time since last request: 0.069537 seconds.
  path: Assets/Art By Kandles/Halloween Icons/Textures/Small/Bat.png
  artifactKey: Guid(f11f458437cb70a44a45025b6b786279) Importer(815301076,1909f56bfc062723c751e8b465ee728b)
Start importing Assets/Art By Kandles/Halloween Icons/Textures/Small/Bat.png using Guid(f11f458437cb70a44a45025b6b786279) Importer(815301076,1909f56bfc062723c751e8b465ee728b)  -> (artifact id: '3737b0fd4b8fced27e3f282141f14d8a') in 0.041635 seconds 
  Import took 0.044452 seconds .

========================================================================
Received Import Request.
  Time since last request: 0.000129 seconds.
  path: Assets/Art By Kandles/Halloween Icons/Textures/Small/Pumpkin.png
  artifactKey: Guid(0460c8c29c144244683d39d0667fbd39) Importer(815301076,1909f56bfc062723c751e8b465ee728b)
Start importing Assets/Art By Kandles/Halloween Icons/Textures/Small/Pumpkin.png using Guid(0460c8c29c144244683d39d0667fbd39) Importer(815301076,1909f56bfc062723c751e8b465ee728b)  -> (artifact id: '6ad9f81a0ecad1c386c332d3ea3fc493') in 0.026712 seconds 
  Import took 0.028751 seconds .

========================================================================
Received Import Request.
  Time since last request: 0.000111 seconds.
  path: Assets/Art By Kandles/Halloween Icons/Textures/Small/Grave.png
  artifactKey: Guid(80078ec65489cf64cb574e5cdb46ccd0) Importer(815301076,1909f56bfc062723c751e8b465ee728b)
Start importing Assets/Art By Kandles/Halloween Icons/Textures/Small/Grave.png using Guid(80078ec65489cf64cb574e5cdb46ccd0) Importer(815301076,1909f56bfc062723c751e8b465ee728b)  -> (artifact id: '7cecfebfdbd4355f28c42aa4ce0fb48b') in 0.022684 seconds 
  Import took 0.025554 seconds .

========================================================================
Received Import Request.
  Time since last request: 0.000130 seconds.
  path: Assets/Art By Kandles/Halloween Icons/Textures/Small/Cauldron.png
  artifactKey: Guid(6a1fbec20bc41c941acd40b20cfda259) Importer(815301076,1909f56bfc062723c751e8b465ee728b)
Start importing Assets/Art By Kandles/Halloween Icons/Textures/Small/Cauldron.png using Guid(6a1fbec20bc41c941acd40b20cfda259) Importer(815301076,1909f56bfc062723c751e8b465ee728b)  -> (artifact id: '23670ff378b5e72e83f74ca02acfe78e') in 0.025556 seconds 
  Import took 0.027835 seconds .

========================================================================
Received Import Request.
  Time since last request: 0.000120 seconds.
  path: Assets/Art By Kandles/Halloween Icons/Textures/Small/WitchHat.png
  artifactKey: Guid(0cd1b8a5ed64e104d9511b63143a1e13) Importer(815301076,1909f56bfc062723c751e8b465ee728b)
Start importing Assets/Art By Kandles/Halloween Icons/Textures/Small/WitchHat.png using Guid(0cd1b8a5ed64e104d9511b63143a1e13) Importer(815301076,1909f56bfc062723c751e8b465ee728b)  -> (artifact id: '287e4d7ff9844e380142f17b5bfc6bd0') in 0.029143 seconds 
  Import took 0.031759 seconds .

========================================================================
Received Import Request.
  Time since last request: 0.000135 seconds.
  path: Assets/Art By Kandles/Halloween Icons/Textures/Small/Candle.png
  artifactKey: Guid(e1b9ff26af97f0e46926e17e3b66432d) Importer(815301076,1909f56bfc062723c751e8b465ee728b)
Start importing Assets/Art By Kandles/Halloween Icons/Textures/Small/Candle.png using Guid(e1b9ff26af97f0e46926e17e3b66432d) Importer(815301076,1909f56bfc062723c751e8b465ee728b)  -> (artifact id: '8bf785578d6dee6a864d6f278fd1959a') in 0.027078 seconds 
  Import took 0.029438 seconds .

========================================================================
Received Import Request.
  Time since last request: 417.605997 seconds.
  path: Assets/Prefabs/Portal.prefab
  artifactKey: Guid(1d5209998f7ee9749b7d6983d1950587) Importer(815301076,1909f56bfc062723c751e8b465ee728b)
Start importing Assets/Prefabs/Portal.prefab using Guid(1d5209998f7ee9749b7d6983d1950587) Importer(815301076,1909f56bfc062723c751e8b465ee728b)  -> (artifact id: 'fa10c464ad02ca38c6940ae02d28b0aa') in 0.572431 seconds 
  Import took 0.579730 seconds .

========================================================================
Received Prepare
Registering precompiled user dll's ...
Registered in 0.001926 seconds.
Begin MonoManager ReloadAssembly
Native extension for WindowsStandalone target not found
Refreshing native plugins compatible for Editor in 0.48 ms, found 2 plugins.
Preloading 0 native plugins for Editor in 0.00 ms.
Mono: successfully reloaded assembly
- Completed reload, in  0.746 seconds
Domain Reload Profiling:
	ReloadAssembly (747ms)
		BeginReloadAssembly (79ms)
			ExecutionOrderSort (0ms)
			DisableScriptedObjects (3ms)
			BackupInstance (0ms)
			ReleaseScriptingObjects (0ms)
			CreateAndSetChildDomain (25ms)
		EndReloadAssembly (627ms)
			LoadAssemblies (59ms)
			RebuildTransferFunctionScriptingTraits (0ms)
			SetupTypeCache (166ms)
			ReleaseScriptCaches (1ms)
			RebuildScriptCaches (23ms)
			SetupLoadedEditorAssemblies (285ms)
				LogAssemblyErrors (0ms)
				InitializePlatformSupportModulesInManaged (3ms)
				SetLoadedEditorAssemblies (0ms)
				RefreshPlugins (1ms)
				BeforeProcessingInitializeOnLoad (53ms)
				ProcessInitializeOnLoadAttributes (222ms)
				ProcessInitializeOnLoadMethodAttributes (3ms)
				AfterProcessingInitializeOnLoad (3ms)
				EditorAssembliesLoaded (0ms)
			ExecutionOrderSort2 (0ms)
			AwakeInstancesAfterBackupRestoration (4ms)
Platform modules already initialized, skipping
Switching build target platform(19) subTarget(0) extendedPlatform(0) -> platform(13) subTarget(589824) extendedPlatform(0)
Refreshing native plugins compatible for Editor in 0.49 ms, found 2 plugins.
Preloading 0 native plugins for Editor in 0.00 ms.
Unloading 2274 Unused Serialized files (Serialized files now loaded: 0)
System memory in use before: 122.3 MB.
System memory in use after: 121.8 MB.

Unloading 33 unused Assets to reduce memory usage. Loaded Objects now: 2798.
Total: 2.777000 ms (FindLiveObjects: 0.209900 ms CreateObjectMapping: 0.056600 ms MarkObjects: 2.260700 ms  DeleteObjects: 0.248800 ms)

AssetImportParameters requested are different than current active one (requested -> active):
  custom:framework-win-MediaFoundation: 216162199b28c13a410421893ffa2e32 -> 
  custom:video-decoder-ogg-theora: a1e56fd34408186e4bbccfd4996cb3dc -> 
  custom:container-muxer-webm: aa71ff27fc2769a1b78a27578f13a17b -> 
  custom:container-demuxer-webm: 4f35f7cbe854078d1ac9338744f61a02 -> 
  custom:container-demuxer-ogg: 62fdf1f143b41e24485cea50d1cbac27 -> 
  custom:video-encoder-webm-vp8: eb34c28f22e8b96e1ab97ce403110664 -> 
  custom:video-decoder-webm-vp8: 9c59270c3fd7afecdb556c50c9e8de78 -> 
  custom:graphics/normal-map-encoding: 01000000000000000000000000000000 -> 02000000000000000000000000000000
  custom:audio-decoder-ogg-vorbis: bf7c407c2cedff20999df2af8eb42d56 -> 
  custom:audio-encoder-webm-vorbis: bf7c407c2cedff20999df2af8eb42d56 -> 
========================================================================
Received Prepare
Refreshing native plugins compatible for Editor in 2.95 ms, found 2 plugins.
Preloading 0 native plugins for Editor in 0.00 ms.
Unloading 30 Unused Serialized files (Serialized files now loaded: 0)
System memory in use before: 77.9 MB.
System memory in use after: 77.5 MB.

Unloading 29 unused Assets to reduce memory usage. Loaded Objects now: 2799.
Total: 2.671800 ms (FindLiveObjects: 0.187300 ms CreateObjectMapping: 0.045500 ms MarkObjects: 2.165900 ms  DeleteObjects: 0.272500 ms)

AssetImportParameters requested are different than current active one (requested -> active):
  custom:framework-win-MediaFoundation: 216162199b28c13a410421893ffa2e32 -> 
  custom:video-decoder-ogg-theora: a1e56fd34408186e4bbccfd4996cb3dc -> 
  custom:container-muxer-webm: aa71ff27fc2769a1b78a27578f13a17b -> 
  custom:container-demuxer-webm: 4f35f7cbe854078d1ac9338744f61a02 -> 
  custom:container-demuxer-ogg: 62fdf1f143b41e24485cea50d1cbac27 -> 
  custom:video-encoder-webm-vp8: eb34c28f22e8b96e1ab97ce403110664 -> 
  custom:video-decoder-webm-vp8: 9c59270c3fd7afecdb556c50c9e8de78 -> 
  custom:audio-decoder-ogg-vorbis: bf7c407c2cedff20999df2af8eb42d56 -> 
  custom:audio-encoder-webm-vorbis: bf7c407c2cedff20999df2af8eb42d56 -> 
